2022-07-01 15:15:55,559 [Worker-4: Loading available Gradle versions] INFO  o.e.b.c.i.u.g.PublishedGradleVersions - Gradle version information cache is up-to-date. Trying to read.
2022-07-01 15:18:08,181 [Worker-11: Importing Maven projects] INFO  o.e.m.c.i.l.LifecycleMappingFactory - Using org.eclipse.m2e.jdt.JarLifecycleMapping lifecycle mapping for MavenProject: CucumberJava:CucumberJava:0.0.1-SNAPSHOT @ C:\Users\Nikitha\eclipse-workspace\Nandeep\CucumberJava\pom.xml.
2022-07-01 15:18:11,580 [Worker-11: Importing Maven projects] INFO  o.e.m.j.i.AbstractJavaProjectConfigurator - Adding source folder /CucumberJava/src/main/java
2022-07-01 15:18:11,582 [Worker-11: Importing Maven projects] INFO  o.e.m.j.i.AbstractJavaProjectConfigurator - Adding resource folder /CucumberJava/src/main/resources
2022-07-01 15:18:11,606 [Worker-11: Importing Maven projects] INFO  o.e.m.j.i.AbstractJavaProjectConfigurator - Adding source folder /CucumberJava/src/test/java
2022-07-01 15:18:11,607 [Worker-11: Importing Maven projects] INFO  o.e.m.j.i.AbstractJavaProjectConfigurator - Adding resource folder /CucumberJava/src/test/resources
2022-07-01 15:18:12,123 [Worker-11: Importing Maven projects] INFO  o.e.m.c.i.p.ProjectConfigurationManager - Imported and configured 1 project(s) in 8 sec
2022-07-01 15:18:14,327 [Worker-20: Building] INFO  o.e.m.c.i.embedder.EclipseLogger - Using 'UTF-8' encoding to copy filtered resources.
2022-07-01 15:18:14,332 [Worker-20: Building] INFO  o.e.m.c.i.embedder.EclipseLogger - Copying 0 resource
2022-07-01 15:18:14,335 [Worker-20: Building] INFO  o.e.m.c.i.embedder.EclipseLogger - Using 'UTF-8' encoding to copy filtered resources.
2022-07-01 15:18:14,337 [Worker-20: Building] INFO  o.e.m.c.i.embedder.EclipseLogger - Copying 9 resources
2022-07-01 15:21:05,335 [Worker-28: Creating project "Qualitest"] INFO  o.e.m.c.i.l.LifecycleMappingFactory - Using org.eclipse.m2e.jdt.JarLifecycleMapping lifecycle mapping for MavenProject: Qualitest:Qualitest:0.0.1-SNAPSHOT @ C:\Users\Nikitha\Desktop\Qualitest\Qualitest\pom.xml.
2022-07-01 15:21:05,673 [Worker-28: Creating project "Qualitest"] INFO  o.e.m.j.i.AbstractJavaProjectConfigurator - Adding source folder /Qualitest/src/main/java
2022-07-01 15:21:05,673 [Worker-28: Creating project "Qualitest"] INFO  o.e.m.j.i.AbstractJavaProjectConfigurator - Adding resource folder /Qualitest/src/main/resources
2022-07-01 15:21:05,673 [Worker-28: Creating project "Qualitest"] INFO  o.e.m.j.i.AbstractJavaProjectConfigurator - Adding source folder /Qualitest/src/test/java
2022-07-01 15:21:05,673 [Worker-28: Creating project "Qualitest"] INFO  o.e.m.j.i.AbstractJavaProjectConfigurator - Adding resource folder /Qualitest/src/test/resources
2022-07-01 15:21:05,995 [Worker-29: Building] WARN  o.e.m.c.i.embedder.EclipseLogger - Using platform encoding (Cp1252 actually) to copy filtered resources, i.e. build is platform dependent!
2022-07-01 15:21:05,997 [Worker-29: Building] INFO  o.e.m.c.i.embedder.EclipseLogger - Copying 0 resource
2022-07-01 15:21:05,999 [Worker-29: Building] WARN  o.e.m.c.i.embedder.EclipseLogger - Using platform encoding (Cp1252 actually) to copy filtered resources, i.e. build is platform dependent!
2022-07-01 15:21:06,001 [Worker-29: Building] INFO  o.e.m.c.i.embedder.EclipseLogger - Copying 0 resource
2022-07-01 15:24:04,179 [Worker-25: Building] INFO  o.e.m.c.i.l.LifecycleMappingFactory - Using org.eclipse.m2e.jdt.JarLifecycleMapping lifecycle mapping for MavenProject: Qualitest:Qualitest:0.0.1-SNAPSHOT @ C:\Users\Nikitha\Desktop\Qualitest\Qualitest\pom.xml.
2022-07-01 15:24:04,646 [Worker-25: Building] INFO  o.e.m.c.i.embedder.EclipseLogger - Using 'UTF-8' encoding to copy filtered resources.
2022-07-01 15:24:04,648 [Worker-25: Building] INFO  o.e.m.c.i.embedder.EclipseLogger - Copying 0 resource
2022-07-01 15:24:04,649 [Worker-25: Building] INFO  o.e.m.c.i.embedder.EclipseLogger - Using 'UTF-8' encoding to copy filtered resources.
2022-07-01 15:24:04,649 [Worker-25: Building] INFO  o.e.m.c.i.embedder.EclipseLogger - Copying 0 resource
2022-07-01 15:24:06,198 [Worker-31: Building] INFO  o.e.m.c.i.embedder.EclipseLogger - Using 'UTF-8' encoding to copy filtered resources.
2022-07-01 15:24:06,201 [Worker-31: Building] INFO  o.e.m.c.i.embedder.EclipseLogger - Copying 0 resource
2022-07-01 15:24:06,202 [Worker-31: Building] INFO  o.e.m.c.i.embedder.EclipseLogger - Using 'UTF-8' encoding to copy filtered resources.
2022-07-01 15:24:06,203 [Worker-31: Building] INFO  o.e.m.c.i.embedder.EclipseLogger - Copying 0 resource
2022-07-01 15:25:21,528 [Worker-24: Building] INFO  o.e.m.c.i.embedder.EclipseLogger - Using 'UTF-8' encoding to copy filtered resources.
2022-07-01 15:25:21,528 [Worker-24: Building] INFO  o.e.m.c.i.embedder.EclipseLogger - Copying 0 resource
2022-07-01 15:25:21,529 [Worker-24: Building] INFO  o.e.m.c.i.embedder.EclipseLogger - Using 'UTF-8' encoding to copy filtered resources.
2022-07-01 15:25:21,529 [Worker-24: Building] INFO  o.e.m.c.i.embedder.EclipseLogger - Copying 0 resource
2022-07-01 15:25:32,036 [Worker-24: Building] INFO  o.e.m.c.i.embedder.EclipseLogger - Using 'UTF-8' encoding to copy filtered resources.
2022-07-01 15:25:32,037 [Worker-24: Building] INFO  o.e.m.c.i.embedder.EclipseLogger - Copying 0 resource
2022-07-01 15:25:32,037 [Worker-24: Building] INFO  o.e.m.c.i.embedder.EclipseLogger - Using 'UTF-8' encoding to copy filtered resources.
2022-07-01 15:25:32,038 [Worker-24: Building] INFO  o.e.m.c.i.embedder.EclipseLogger - Copying 0 resource
2022-07-01 15:25:41,966 [Worker-32: Building] INFO  o.e.m.c.i.embedder.EclipseLogger - Using 'UTF-8' encoding to copy filtered resources.
2022-07-01 15:25:41,967 [Worker-32: Building] INFO  o.e.m.c.i.embedder.EclipseLogger - Copying 0 resource
2022-07-01 15:25:41,968 [Worker-32: Building] INFO  o.e.m.c.i.embedder.EclipseLogger - Using 'UTF-8' encoding to copy filtered resources.
2022-07-01 15:25:41,969 [Worker-32: Building] INFO  o.e.m.c.i.embedder.EclipseLogger - Copying 0 resource
2022-07-01 15:25:59,709 [Worker-32: Building] INFO  o.e.m.c.i.embedder.EclipseLogger - Using 'UTF-8' encoding to copy filtered resources.
2022-07-01 15:25:59,711 [Worker-32: Building] INFO  o.e.m.c.i.embedder.EclipseLogger - Copying 0 resource
2022-07-01 15:25:59,715 [Worker-32: Building] INFO  o.e.m.c.i.embedder.EclipseLogger - Using 'UTF-8' encoding to copy filtered resources.
2022-07-01 15:25:59,715 [Worker-32: Building] INFO  o.e.m.c.i.embedder.EclipseLogger - Copying 0 resource
2022-07-01 15:26:05,221 [Worker-24: Building] INFO  o.e.m.c.i.embedder.EclipseLogger - Using 'UTF-8' encoding to copy filtered resources.
2022-07-01 15:26:05,222 [Worker-24: Building] INFO  o.e.m.c.i.embedder.EclipseLogger - Copying 0 resource
2022-07-01 15:26:05,223 [Worker-24: Building] INFO  o.e.m.c.i.embedder.EclipseLogger - Using 'UTF-8' encoding to copy filtered resources.
2022-07-01 15:26:05,223 [Worker-24: Building] INFO  o.e.m.c.i.embedder.EclipseLogger - Copying 0 resource
2022-07-01 15:31:51,402 [Worker-34: Building] INFO  o.e.m.c.i.embedder.EclipseLogger - Using 'UTF-8' encoding to copy filtered resources.
2022-07-01 15:31:51,403 [Worker-34: Building] INFO  o.e.m.c.i.embedder.EclipseLogger - Copying 0 resource
2022-07-01 15:31:51,404 [Worker-34: Building] INFO  o.e.m.c.i.embedder.EclipseLogger - Using 'UTF-8' encoding to copy filtered resources.
2022-07-01 15:31:51,405 [Worker-34: Building] INFO  o.e.m.c.i.embedder.EclipseLogger - Copying 0 resource
2022-07-01 15:34:31,346 [Worker-24: Building] INFO  o.e.m.c.i.embedder.EclipseLogger - Using 'UTF-8' encoding to copy filtered resources.
2022-07-01 15:34:31,346 [Worker-24: Building] INFO  o.e.m.c.i.embedder.EclipseLogger - Copying 0 resource
2022-07-01 15:34:31,348 [Worker-24: Building] INFO  o.e.m.c.i.embedder.EclipseLogger - Using 'UTF-8' encoding to copy filtered resources.
2022-07-01 15:34:31,349 [Worker-24: Building] INFO  o.e.m.c.i.embedder.EclipseLogger - Copying 1 resource
2022-07-01 15:43:34,221 [Worker-24: Building] INFO  o.e.m.c.i.embedder.EclipseLogger - Using 'UTF-8' encoding to copy filtered resources.
2022-07-01 15:43:34,222 [Worker-24: Building] INFO  o.e.m.c.i.embedder.EclipseLogger - Copying 0 resource
2022-07-01 15:43:34,223 [Worker-24: Building] INFO  o.e.m.c.i.embedder.EclipseLogger - Using 'UTF-8' encoding to copy filtered resources.
2022-07-01 15:43:34,224 [Worker-24: Building] INFO  o.e.m.c.i.embedder.EclipseLogger - Copying 1 resource
2022-07-01 15:44:44,119 [Worker-25: Building] INFO  o.e.m.c.i.embedder.EclipseLogger - Using 'UTF-8' encoding to copy filtered resources.
2022-07-01 15:44:44,120 [Worker-25: Building] INFO  o.e.m.c.i.embedder.EclipseLogger - Copying 0 resource
2022-07-01 15:44:44,120 [Worker-25: Building] INFO  o.e.m.c.i.embedder.EclipseLogger - Using 'UTF-8' encoding to copy filtered resources.
2022-07-01 15:44:44,121 [Worker-25: Building] INFO  o.e.m.c.i.embedder.EclipseLogger - Copying 1 resource
2022-07-01 15:49:16,065 [Worker-38: Launching cartItems.feature] INFO  o.e.m.c.i.embedder.EclipseLogger - Using 'UTF-8' encoding to copy filtered resources.
2022-07-01 15:49:16,066 [Worker-38: Launching cartItems.feature] INFO  o.e.m.c.i.embedder.EclipseLogger - Copying 0 resource
2022-07-01 15:49:16,067 [Worker-38: Launching cartItems.feature] INFO  o.e.m.c.i.embedder.EclipseLogger - Using 'UTF-8' encoding to copy filtered resources.
2022-07-01 15:49:16,068 [Worker-38: Launching cartItems.feature] INFO  o.e.m.c.i.embedder.EclipseLogger - Copying 1 resource
2022-07-01 15:50:45,390 [Worker-25: Launching cartItems.feature] INFO  o.e.m.c.i.embedder.EclipseLogger - Using 'UTF-8' encoding to copy filtered resources.
2022-07-01 15:50:45,392 [Worker-25: Launching cartItems.feature] INFO  o.e.m.c.i.embedder.EclipseLogger - Copying 0 resource
2022-07-01 15:50:45,394 [Worker-25: Launching cartItems.feature] INFO  o.e.m.c.i.embedder.EclipseLogger - Using 'UTF-8' encoding to copy filtered resources.
2022-07-01 15:50:45,395 [Worker-25: Launching cartItems.feature] INFO  o.e.m.c.i.embedder.EclipseLogger - Copying 1 resource
2022-07-01 15:52:05,263 [Worker-25: Building] INFO  o.e.m.c.i.embedder.EclipseLogger - Using 'UTF-8' encoding to copy filtered resources.
2022-07-01 15:52:05,265 [Worker-25: Building] INFO  o.e.m.c.i.embedder.EclipseLogger - Copying 0 resource
2022-07-01 15:52:05,266 [Worker-25: Building] INFO  o.e.m.c.i.embedder.EclipseLogger - Using 'UTF-8' encoding to copy filtered resources.
2022-07-01 15:52:05,267 [Worker-25: Building] INFO  o.e.m.c.i.embedder.EclipseLogger - Copying 2 resources
2022-07-01 15:52:31,899 [Worker-25: Building] INFO  o.e.m.c.i.embedder.EclipseLogger - Using 'UTF-8' encoding to copy filtered resources.
2022-07-01 15:52:31,899 [Worker-25: Building] INFO  o.e.m.c.i.embedder.EclipseLogger - Copying 0 resource
2022-07-01 15:52:31,902 [Worker-25: Building] INFO  o.e.m.c.i.embedder.EclipseLogger - Using 'UTF-8' encoding to copy filtered resources.
2022-07-01 15:52:31,903 [Worker-25: Building] INFO  o.e.m.c.i.embedder.EclipseLogger - Copying 2 resources
2022-07-01 15:53:11,509 [Worker-44: Building] INFO  o.e.m.c.i.embedder.EclipseLogger - Using 'UTF-8' encoding to copy filtered resources.
2022-07-01 15:53:11,509 [Worker-44: Building] INFO  o.e.m.c.i.embedder.EclipseLogger - Copying 0 resource
2022-07-01 15:53:11,511 [Worker-44: Building] INFO  o.e.m.c.i.embedder.EclipseLogger - Using 'UTF-8' encoding to copy filtered resources.
2022-07-01 15:53:11,513 [Worker-44: Building] INFO  o.e.m.c.i.embedder.EclipseLogger - Copying 2 resources
2022-07-01 15:54:29,128 [Worker-25: Building] INFO  o.e.m.c.i.embedder.EclipseLogger - Using 'UTF-8' encoding to copy filtered resources.
2022-07-01 15:54:29,129 [Worker-25: Building] INFO  o.e.m.c.i.embedder.EclipseLogger - Copying 0 resource
2022-07-01 15:54:29,131 [Worker-25: Building] INFO  o.e.m.c.i.embedder.EclipseLogger - Using 'UTF-8' encoding to copy filtered resources.
2022-07-01 15:54:29,133 [Worker-25: Building] INFO  o.e.m.c.i.embedder.EclipseLogger - Copying 2 resources
2022-07-01 15:57:55,938 [Worker-48: Building] INFO  o.e.m.c.i.embedder.EclipseLogger - Using 'UTF-8' encoding to copy filtered resources.
2022-07-01 15:57:55,939 [Worker-48: Building] INFO  o.e.m.c.i.embedder.EclipseLogger - Copying 0 resource
2022-07-01 15:57:55,940 [Worker-48: Building] INFO  o.e.m.c.i.embedder.EclipseLogger - Using 'UTF-8' encoding to copy filtered resources.
2022-07-01 15:57:55,942 [Worker-48: Building] INFO  o.e.m.c.i.embedder.EclipseLogger - Copying 2 resources
2022-07-01 15:58:06,603 [Worker-51: Building] INFO  o.e.m.c.i.embedder.EclipseLogger - Using 'UTF-8' encoding to copy filtered resources.
2022-07-01 15:58:06,604 [Worker-51: Building] INFO  o.e.m.c.i.embedder.EclipseLogger - Copying 0 resource
2022-07-01 15:58:06,605 [Worker-51: Building] INFO  o.e.m.c.i.embedder.EclipseLogger - Using 'UTF-8' encoding to copy filtered resources.
2022-07-01 15:58:06,607 [Worker-51: Building] INFO  o.e.m.c.i.embedder.EclipseLogger - Copying 2 resources
2022-07-01 16:00:54,976 [Worker-49: Building] INFO  o.e.m.c.i.embedder.EclipseLogger - Using 'UTF-8' encoding to copy filtered resources.
2022-07-01 16:00:54,977 [Worker-49: Building] INFO  o.e.m.c.i.embedder.EclipseLogger - Copying 0 resource
2022-07-01 16:00:54,977 [Worker-49: Building] INFO  o.e.m.c.i.embedder.EclipseLogger - Using 'UTF-8' encoding to copy filtered resources.
2022-07-01 16:00:54,978 [Worker-49: Building] INFO  o.e.m.c.i.embedder.EclipseLogger - Copying 2 resources
2022-07-01 16:01:24,148 [Worker-51: Building] INFO  o.e.m.c.i.embedder.EclipseLogger - Using 'UTF-8' encoding to copy filtered resources.
2022-07-01 16:01:24,148 [Worker-51: Building] INFO  o.e.m.c.i.embedder.EclipseLogger - Copying 0 resource
2022-07-01 16:01:24,149 [Worker-51: Building] INFO  o.e.m.c.i.embedder.EclipseLogger - Using 'UTF-8' encoding to copy filtered resources.
2022-07-01 16:01:24,150 [Worker-51: Building] INFO  o.e.m.c.i.embedder.EclipseLogger - Copying 2 resources
2022-07-01 16:01:49,286 [Worker-52: Building] INFO  o.e.m.c.i.embedder.EclipseLogger - Using 'UTF-8' encoding to copy filtered resources.
2022-07-01 16:01:49,287 [Worker-52: Building] INFO  o.e.m.c.i.embedder.EclipseLogger - Copying 0 resource
2022-07-01 16:01:49,288 [Worker-52: Building] INFO  o.e.m.c.i.embedder.EclipseLogger - Using 'UTF-8' encoding to copy filtered resources.
2022-07-01 16:01:49,289 [Worker-52: Building] INFO  o.e.m.c.i.embedder.EclipseLogger - Copying 2 resources
2022-07-01 16:02:02,471 [Worker-53: Building] INFO  o.e.m.c.i.embedder.EclipseLogger - Using 'UTF-8' encoding to copy filtered resources.
2022-07-01 16:02:02,472 [Worker-53: Building] INFO  o.e.m.c.i.embedder.EclipseLogger - Copying 0 resource
2022-07-01 16:02:02,473 [Worker-53: Building] INFO  o.e.m.c.i.embedder.EclipseLogger - Using 'UTF-8' encoding to copy filtered resources.
2022-07-01 16:02:02,474 [Worker-53: Building] INFO  o.e.m.c.i.embedder.EclipseLogger - Copying 2 resources
2022-07-01 16:04:37,876 [Worker-53: Launching testRunner] INFO  o.e.m.c.i.embedder.EclipseLogger - Using 'UTF-8' encoding to copy filtered resources.
2022-07-01 16:04:37,877 [Worker-53: Launching testRunner] INFO  o.e.m.c.i.embedder.EclipseLogger - Copying 0 resource
2022-07-01 16:04:37,878 [Worker-53: Launching testRunner] INFO  o.e.m.c.i.embedder.EclipseLogger - Using 'UTF-8' encoding to copy filtered resources.
2022-07-01 16:04:37,878 [Worker-53: Launching testRunner] INFO  o.e.m.c.i.embedder.EclipseLogger - Copying 2 resources
2022-07-01 16:05:44,781 [Worker-53: Launching testRunner] INFO  o.e.m.c.i.embedder.EclipseLogger - Using 'UTF-8' encoding to copy filtered resources.
2022-07-01 16:05:44,782 [Worker-53: Launching testRunner] INFO  o.e.m.c.i.embedder.EclipseLogger - Copying 0 resource
2022-07-01 16:05:44,784 [Worker-53: Launching testRunner] INFO  o.e.m.c.i.embedder.EclipseLogger - Using 'UTF-8' encoding to copy filtered resources.
2022-07-01 16:05:44,786 [Worker-53: Launching testRunner] INFO  o.e.m.c.i.embedder.EclipseLogger - Copying 2 resources
2022-07-01 16:06:50,366 [Worker-48: Launching testRunner] INFO  o.e.m.c.i.embedder.EclipseLogger - Using 'UTF-8' encoding to copy filtered resources.
2022-07-01 16:06:50,366 [Worker-48: Launching testRunner] INFO  o.e.m.c.i.embedder.EclipseLogger - Copying 0 resource
2022-07-01 16:06:50,367 [Worker-48: Launching testRunner] INFO  o.e.m.c.i.embedder.EclipseLogger - Using 'UTF-8' encoding to copy filtered resources.
2022-07-01 16:06:50,369 [Worker-48: Launching testRunner] INFO  o.e.m.c.i.embedder.EclipseLogger - Copying 2 resources
2022-07-01 16:11:33,586 [Worker-48: Building] INFO  o.e.m.c.i.embedder.EclipseLogger - Using 'UTF-8' encoding to copy filtered resources.
2022-07-01 16:11:33,587 [Worker-48: Building] INFO  o.e.m.c.i.embedder.EclipseLogger - Copying 0 resource
2022-07-01 16:11:33,587 [Worker-48: Building] INFO  o.e.m.c.i.embedder.EclipseLogger - Using 'UTF-8' encoding to copy filtered resources.
2022-07-01 16:11:33,588 [Worker-48: Building] INFO  o.e.m.c.i.embedder.EclipseLogger - Copying 2 resources
2022-07-01 16:12:28,584 [Worker-48: Building] INFO  o.e.m.c.i.embedder.EclipseLogger - Using 'UTF-8' encoding to copy filtered resources.
2022-07-01 16:12:28,584 [Worker-48: Building] INFO  o.e.m.c.i.embedder.EclipseLogger - Copying 0 resource
2022-07-01 16:12:28,585 [Worker-48: Building] INFO  o.e.m.c.i.embedder.EclipseLogger - Using 'UTF-8' encoding to copy filtered resources.
2022-07-01 16:12:28,586 [Worker-48: Building] INFO  o.e.m.c.i.embedder.EclipseLogger - Copying 2 resources
2022-07-01 16:33:35,541 [Worker-59: Building] INFO  o.e.m.c.i.embedder.EclipseLogger - Using 'UTF-8' encoding to copy filtered resources.
2022-07-01 16:33:35,541 [Worker-59: Building] INFO  o.e.m.c.i.embedder.EclipseLogger - Copying 0 resource
2022-07-01 16:33:35,542 [Worker-59: Building] INFO  o.e.m.c.i.embedder.EclipseLogger - Using 'UTF-8' encoding to copy filtered resources.
2022-07-01 16:33:35,543 [Worker-59: Building] INFO  o.e.m.c.i.embedder.EclipseLogger - Copying 2 resources
2022-07-01 16:34:29,451 [Worker-57: Launching cartItems.feature] INFO  o.e.m.c.i.embedder.EclipseLogger - Using 'UTF-8' encoding to copy filtered resources.
2022-07-01 16:34:29,452 [Worker-57: Launching cartItems.feature] INFO  o.e.m.c.i.embedder.EclipseLogger - Copying 0 resource
2022-07-01 16:34:29,453 [Worker-57: Launching cartItems.feature] INFO  o.e.m.c.i.embedder.EclipseLogger - Using 'UTF-8' encoding to copy filtered resources.
2022-07-01 16:34:29,454 [Worker-57: Launching cartItems.feature] INFO  o.e.m.c.i.embedder.EclipseLogger - Copying 2 resources
2022-07-01 16:35:24,462 [Worker-58: Building] INFO  o.e.m.c.i.embedder.EclipseLogger - Using 'UTF-8' encoding to copy filtered resources.
2022-07-01 16:35:24,462 [Worker-58: Building] INFO  o.e.m.c.i.embedder.EclipseLogger - Copying 0 resource
2022-07-01 16:35:24,463 [Worker-58: Building] INFO  o.e.m.c.i.embedder.EclipseLogger - Using 'UTF-8' encoding to copy filtered resources.
2022-07-01 16:35:24,464 [Worker-58: Building] INFO  o.e.m.c.i.embedder.EclipseLogger - Copying 2 resources
2022-07-01 16:39:14,457 [Worker-48: Building] INFO  o.e.m.c.i.embedder.EclipseLogger - Using 'UTF-8' encoding to copy filtered resources.
2022-07-01 16:39:14,457 [Worker-48: Building] INFO  o.e.m.c.i.embedder.EclipseLogger - Copying 0 resource
2022-07-01 16:39:14,458 [Worker-48: Building] INFO  o.e.m.c.i.embedder.EclipseLogger - Using 'UTF-8' encoding to copy filtered resources.
2022-07-01 16:39:14,458 [Worker-48: Building] INFO  o.e.m.c.i.embedder.EclipseLogger - Copying 1 resource
2022-07-01 16:41:40,427 [Worker-61: Building] INFO  o.e.m.c.i.embedder.EclipseLogger - Using 'UTF-8' encoding to copy filtered resources.
2022-07-01 16:41:40,428 [Worker-61: Building] INFO  o.e.m.c.i.embedder.EclipseLogger - Copying 0 resource
2022-07-01 16:41:40,428 [Worker-61: Building] INFO  o.e.m.c.i.embedder.EclipseLogger - Using 'UTF-8' encoding to copy filtered resources.
2022-07-01 16:41:40,429 [Worker-61: Building] INFO  o.e.m.c.i.embedder.EclipseLogger - Copying 3 resources
2022-07-01 16:43:13,206 [Worker-61: Building] INFO  o.e.m.c.i.embedder.EclipseLogger - Using 'UTF-8' encoding to copy filtered resources.
2022-07-01 16:43:13,207 [Worker-61: Building] INFO  o.e.m.c.i.embedder.EclipseLogger - Copying 0 resource
2022-07-01 16:43:13,207 [Worker-61: Building] INFO  o.e.m.c.i.embedder.EclipseLogger - Using 'UTF-8' encoding to copy filtered resources.
2022-07-01 16:43:13,208 [Worker-61: Building] INFO  o.e.m.c.i.embedder.EclipseLogger - Copying 3 resources
2022-07-01 16:44:12,225 [Worker-62: Building] INFO  o.e.m.c.i.embedder.EclipseLogger - Using 'UTF-8' encoding to copy filtered resources.
2022-07-01 16:44:12,226 [Worker-62: Building] INFO  o.e.m.c.i.embedder.EclipseLogger - Copying 0 resource
2022-07-01 16:44:12,226 [Worker-62: Building] INFO  o.e.m.c.i.embedder.EclipseLogger - Using 'UTF-8' encoding to copy filtered resources.
2022-07-01 16:44:12,228 [Worker-62: Building] INFO  o.e.m.c.i.embedder.EclipseLogger - Copying 3 resources
2022-07-01 16:46:51,287 [Worker-58: Building] INFO  o.e.m.c.i.embedder.EclipseLogger - Using 'UTF-8' encoding to copy filtered resources.
2022-07-01 16:46:51,288 [Worker-58: Building] INFO  o.e.m.c.i.embedder.EclipseLogger - Copying 0 resource
2022-07-01 16:46:51,289 [Worker-58: Building] INFO  o.e.m.c.i.embedder.EclipseLogger - Using 'UTF-8' encoding to copy filtered resources.
2022-07-01 16:46:51,291 [Worker-58: Building] INFO  o.e.m.c.i.embedder.EclipseLogger - Copying 3 resources
2022-07-01 16:54:15,747 [Worker-58: Building] INFO  o.e.m.c.i.embedder.EclipseLogger - Using 'UTF-8' encoding to copy filtered resources.
2022-07-01 16:54:15,748 [Worker-58: Building] INFO  o.e.m.c.i.embedder.EclipseLogger - Copying 0 resource
2022-07-01 16:54:15,749 [Worker-58: Building] INFO  o.e.m.c.i.embedder.EclipseLogger - Using 'UTF-8' encoding to copy filtered resources.
2022-07-01 16:54:15,750 [Worker-58: Building] INFO  o.e.m.c.i.embedder.EclipseLogger - Copying 3 resources
2022-07-01 16:57:07,493 [Worker-63: Building] INFO  o.e.m.c.i.embedder.EclipseLogger - Using 'UTF-8' encoding to copy filtered resources.
2022-07-01 16:57:07,493 [Worker-63: Building] INFO  o.e.m.c.i.embedder.EclipseLogger - Copying 0 resource
2022-07-01 16:57:07,493 [Worker-63: Building] INFO  o.e.m.c.i.embedder.EclipseLogger - Using 'UTF-8' encoding to copy filtered resources.
2022-07-01 16:57:07,494 [Worker-63: Building] INFO  o.e.m.c.i.embedder.EclipseLogger - Copying 3 resources
2022-07-01 16:58:38,832 [Worker-51: Building] INFO  o.e.m.c.i.embedder.EclipseLogger - Using 'UTF-8' encoding to copy filtered resources.
2022-07-01 16:58:38,833 [Worker-51: Building] INFO  o.e.m.c.i.embedder.EclipseLogger - Copying 0 resource
2022-07-01 16:58:38,833 [Worker-51: Building] INFO  o.e.m.c.i.embedder.EclipseLogger - Using 'UTF-8' encoding to copy filtered resources.
2022-07-01 16:58:38,834 [Worker-51: Building] INFO  o.e.m.c.i.embedder.EclipseLogger - Copying 3 resources
2022-07-01 17:07:50,839 [Worker-48: Building] INFO  o.e.m.c.i.embedder.EclipseLogger - Using 'UTF-8' encoding to copy filtered resources.
2022-07-01 17:07:50,839 [Worker-48: Building] INFO  o.e.m.c.i.embedder.EclipseLogger - Copying 0 resource
2022-07-01 17:07:50,840 [Worker-48: Building] INFO  o.e.m.c.i.embedder.EclipseLogger - Using 'UTF-8' encoding to copy filtered resources.
2022-07-01 17:07:50,841 [Worker-48: Building] INFO  o.e.m.c.i.embedder.EclipseLogger - Copying 3 resources
2022-07-01 17:12:24,953 [Worker-66: Launching testRunner] INFO  o.e.m.c.i.embedder.EclipseLogger - Using 'UTF-8' encoding to copy filtered resources.
2022-07-01 17:12:24,953 [Worker-66: Launching testRunner] INFO  o.e.m.c.i.embedder.EclipseLogger - Copying 0 resource
2022-07-01 17:12:24,954 [Worker-66: Launching testRunner] INFO  o.e.m.c.i.embedder.EclipseLogger - Using 'UTF-8' encoding to copy filtered resources.
2022-07-01 17:12:24,956 [Worker-66: Launching testRunner] INFO  o.e.m.c.i.embedder.EclipseLogger - Copying 3 resources
2022-07-01 17:16:23,123 [Worker-48: Launching testRunner] INFO  o.e.m.c.i.embedder.EclipseLogger - Using 'UTF-8' encoding to copy filtered resources.
2022-07-01 17:16:23,124 [Worker-48: Launching testRunner] INFO  o.e.m.c.i.embedder.EclipseLogger - Copying 0 resource
2022-07-01 17:16:23,125 [Worker-48: Launching testRunner] INFO  o.e.m.c.i.embedder.EclipseLogger - Using 'UTF-8' encoding to copy filtered resources.
2022-07-01 17:16:23,127 [Worker-48: Launching testRunner] INFO  o.e.m.c.i.embedder.EclipseLogger - Copying 3 resources
2022-07-01 17:18:29,026 [Worker-51: Building] INFO  o.e.m.c.i.embedder.EclipseLogger - Using 'UTF-8' encoding to copy filtered resources.
2022-07-01 17:18:29,027 [Worker-51: Building] INFO  o.e.m.c.i.embedder.EclipseLogger - Copying 0 resource
2022-07-01 17:18:29,028 [Worker-51: Building] INFO  o.e.m.c.i.embedder.EclipseLogger - Using 'UTF-8' encoding to copy filtered resources.
2022-07-01 17:18:29,029 [Worker-51: Building] INFO  o.e.m.c.i.embedder.EclipseLogger - Copying 3 resources
2022-07-01 17:20:14,415 [Worker-67: Launching testRunner] INFO  o.e.m.c.i.embedder.EclipseLogger - Using 'UTF-8' encoding to copy filtered resources.
2022-07-01 17:20:14,416 [Worker-67: Launching testRunner] INFO  o.e.m.c.i.embedder.EclipseLogger - Copying 0 resource
2022-07-01 17:20:14,417 [Worker-67: Launching testRunner] INFO  o.e.m.c.i.embedder.EclipseLogger - Using 'UTF-8' encoding to copy filtered resources.
2022-07-01 17:20:14,420 [Worker-67: Launching testRunner] INFO  o.e.m.c.i.embedder.EclipseLogger - Copying 3 resources
2022-07-01 17:20:50,250 [Worker-51: Building] INFO  o.e.m.c.i.embedder.EclipseLogger - Using 'UTF-8' encoding to copy filtered resources.
2022-07-01 17:20:50,251 [Worker-51: Building] INFO  o.e.m.c.i.embedder.EclipseLogger - Copying 0 resource
2022-07-01 17:20:50,251 [Worker-51: Building] INFO  o.e.m.c.i.embedder.EclipseLogger - Using 'UTF-8' encoding to copy filtered resources.
2022-07-01 17:20:50,253 [Worker-51: Building] INFO  o.e.m.c.i.embedder.EclipseLogger - Copying 3 resources
2022-07-01 17:21:49,270 [Worker-68: Building] INFO  o.e.m.c.i.embedder.EclipseLogger - Using 'UTF-8' encoding to copy filtered resources.
2022-07-01 17:21:49,271 [Worker-68: Building] INFO  o.e.m.c.i.embedder.EclipseLogger - Copying 0 resource
2022-07-01 17:21:49,272 [Worker-68: Building] INFO  o.e.m.c.i.embedder.EclipseLogger - Using 'UTF-8' encoding to copy filtered resources.
2022-07-01 17:21:49,273 [Worker-68: Building] INFO  o.e.m.c.i.embedder.EclipseLogger - Copying 3 resources
2022-07-01 17:59:53,090 [Worker-64: Building] INFO  o.e.m.c.i.embedder.EclipseLogger - Using 'UTF-8' encoding to copy filtered resources.
2022-07-01 17:59:53,091 [Worker-64: Building] INFO  o.e.m.c.i.embedder.EclipseLogger - Copying 0 resource
2022-07-01 17:59:53,093 [Worker-64: Building] INFO  o.e.m.c.i.embedder.EclipseLogger - Using 'UTF-8' encoding to copy filtered resources.
2022-07-01 17:59:53,095 [Worker-64: Building] INFO  o.e.m.c.i.embedder.EclipseLogger - Copying 3 resources
2022-07-01 18:05:43,567 [Worker-78: Building] INFO  o.e.m.c.i.embedder.EclipseLogger - Using 'UTF-8' encoding to copy filtered resources.
2022-07-01 18:05:43,568 [Worker-78: Building] INFO  o.e.m.c.i.embedder.EclipseLogger - Copying 0 resource
2022-07-01 18:05:43,568 [Worker-78: Building] INFO  o.e.m.c.i.embedder.EclipseLogger - Using 'UTF-8' encoding to copy filtered resources.
2022-07-01 18:05:43,569 [Worker-78: Building] INFO  o.e.m.c.i.embedder.EclipseLogger - Copying 3 resources
2022-07-01 18:05:53,593 [Worker-76: Launching testRunner] INFO  o.e.m.c.i.embedder.EclipseLogger - Using 'UTF-8' encoding to copy filtered resources.
2022-07-01 18:05:53,594 [Worker-76: Launching testRunner] INFO  o.e.m.c.i.embedder.EclipseLogger - Copying 0 resource
2022-07-01 18:05:53,596 [Worker-76: Launching testRunner] INFO  o.e.m.c.i.embedder.EclipseLogger - Using 'UTF-8' encoding to copy filtered resources.
2022-07-01 18:05:53,596 [Worker-76: Launching testRunner] INFO  o.e.m.c.i.embedder.EclipseLogger - Copying 1 resource
2022-07-01 18:10:51,139 [Worker-80: Building] INFO  o.e.m.c.i.embedder.EclipseLogger - Using 'UTF-8' encoding to copy filtered resources.
2022-07-01 18:10:51,139 [Worker-80: Building] INFO  o.e.m.c.i.embedder.EclipseLogger - Copying 0 resource
2022-07-01 18:10:51,140 [Worker-80: Building] INFO  o.e.m.c.i.embedder.EclipseLogger - Using 'UTF-8' encoding to copy filtered resources.
2022-07-01 18:10:51,141 [Worker-80: Building] INFO  o.e.m.c.i.embedder.EclipseLogger - Copying 3 resources
2022-07-01 18:13:26,076 [Worker-64: Building] INFO  o.e.m.c.i.embedder.EclipseLogger - Using 'UTF-8' encoding to copy filtered resources.
2022-07-01 18:13:26,077 [Worker-64: Building] INFO  o.e.m.c.i.embedder.EclipseLogger - Copying 0 resource
2022-07-01 18:13:26,092 [Worker-64: Building] INFO  o.e.m.c.i.embedder.EclipseLogger - Using 'UTF-8' encoding to copy filtered resources.
2022-07-01 18:13:26,093 [Worker-64: Building] INFO  o.e.m.c.i.embedder.EclipseLogger - Copying 3 resources
2022-07-01 18:15:05,880 [Worker-82: Launching testRunner] INFO  o.e.m.c.i.embedder.EclipseLogger - Using 'UTF-8' encoding to copy filtered resources.
2022-07-01 18:15:05,881 [Worker-82: Launching testRunner] INFO  o.e.m.c.i.embedder.EclipseLogger - Copying 0 resource
2022-07-01 18:15:05,881 [Worker-82: Launching testRunner] INFO  o.e.m.c.i.embedder.EclipseLogger - Using 'UTF-8' encoding to copy filtered resources.
2022-07-01 18:15:05,883 [Worker-82: Launching testRunner] INFO  o.e.m.c.i.embedder.EclipseLogger - Copying 3 resources
2022-07-01 18:16:34,284 [Worker-80: Launching testRunner] INFO  o.e.m.c.i.embedder.EclipseLogger - Using 'UTF-8' encoding to copy filtered resources.
2022-07-01 18:16:34,285 [Worker-80: Launching testRunner] INFO  o.e.m.c.i.embedder.EclipseLogger - Copying 0 resource
2022-07-01 18:16:34,286 [Worker-80: Launching testRunner] INFO  o.e.m.c.i.embedder.EclipseLogger - Using 'UTF-8' encoding to copy filtered resources.
2022-07-01 18:16:34,288 [Worker-80: Launching testRunner] INFO  o.e.m.c.i.embedder.EclipseLogger - Copying 3 resources
2022-07-01 18:39:06,161 [Worker-76: Building] INFO  o.e.m.c.i.embedder.EclipseLogger - Using 'UTF-8' encoding to copy filtered resources.
2022-07-01 18:39:06,161 [Worker-76: Building] INFO  o.e.m.c.i.embedder.EclipseLogger - Copying 0 resource
2022-07-01 18:39:06,163 [Worker-76: Building] INFO  o.e.m.c.i.embedder.EclipseLogger - Using 'UTF-8' encoding to copy filtered resources.
2022-07-01 18:39:06,165 [Worker-76: Building] INFO  o.e.m.c.i.embedder.EclipseLogger - Copying 3 resources
2022-07-01 18:41:55,863 [Worker-84: Building] INFO  o.e.m.c.i.embedder.EclipseLogger - Using 'UTF-8' encoding to copy filtered resources.
2022-07-01 18:41:55,864 [Worker-84: Building] INFO  o.e.m.c.i.embedder.EclipseLogger - Copying 0 resource
2022-07-01 18:41:55,865 [Worker-84: Building] INFO  o.e.m.c.i.embedder.EclipseLogger - Using 'UTF-8' encoding to copy filtered resources.
2022-07-01 18:41:55,866 [Worker-84: Building] INFO  o.e.m.c.i.embedder.EclipseLogger - Copying 3 resources
2022-07-01 18:43:22,156 [Worker-84: Launching testRunner] INFO  o.e.m.c.i.embedder.EclipseLogger - Using 'UTF-8' encoding to copy filtered resources.
2022-07-01 18:43:22,157 [Worker-84: Launching testRunner] INFO  o.e.m.c.i.embedder.EclipseLogger - Copying 0 resource
2022-07-01 18:43:22,157 [Worker-84: Launching testRunner] INFO  o.e.m.c.i.embedder.EclipseLogger - Using 'UTF-8' encoding to copy filtered resources.
2022-07-01 18:43:22,158 [Worker-84: Launching testRunner] INFO  o.e.m.c.i.embedder.EclipseLogger - Copying 3 resources
2022-07-01 18:44:50,377 [Worker-77: Building] INFO  o.e.m.c.i.embedder.EclipseLogger - Using 'UTF-8' encoding to copy filtered resources.
2022-07-01 18:44:50,378 [Worker-77: Building] INFO  o.e.m.c.i.embedder.EclipseLogger - Copying 0 resource
2022-07-01 18:44:50,378 [Worker-77: Building] INFO  o.e.m.c.i.embedder.EclipseLogger - Using 'UTF-8' encoding to copy filtered resources.
2022-07-01 18:44:50,379 [Worker-77: Building] INFO  o.e.m.c.i.embedder.EclipseLogger - Copying 3 resources
2022-07-01 18:44:53,030 [Worker-78: Building] INFO  o.e.m.c.i.embedder.EclipseLogger - Using 'UTF-8' encoding to copy filtered resources.
2022-07-01 18:44:53,031 [Worker-78: Building] INFO  o.e.m.c.i.embedder.EclipseLogger - Copying 0 resource
2022-07-01 18:44:53,031 [Worker-78: Building] INFO  o.e.m.c.i.embedder.EclipseLogger - Using 'UTF-8' encoding to copy filtered resources.
2022-07-01 18:44:53,032 [Worker-78: Building] INFO  o.e.m.c.i.embedder.EclipseLogger - Copying 3 resources
2022-07-01 18:47:47,700 [Worker-77: Launching testRunner] INFO  o.e.m.c.i.embedder.EclipseLogger - Using 'UTF-8' encoding to copy filtered resources.
2022-07-01 18:47:47,701 [Worker-77: Launching testRunner] INFO  o.e.m.c.i.embedder.EclipseLogger - Copying 0 resource
2022-07-01 18:47:47,702 [Worker-77: Launching testRunner] INFO  o.e.m.c.i.embedder.EclipseLogger - Using 'UTF-8' encoding to copy filtered resources.
2022-07-01 18:47:47,703 [Worker-77: Launching testRunner] INFO  o.e.m.c.i.embedder.EclipseLogger - Copying 3 resources
2022-07-01 18:49:14,707 [Worker-87: Launching testRunner] INFO  o.e.m.c.i.embedder.EclipseLogger - Using 'UTF-8' encoding to copy filtered resources.
2022-07-01 18:49:14,708 [Worker-87: Launching testRunner] INFO  o.e.m.c.i.embedder.EclipseLogger - Copying 0 resource
2022-07-01 18:49:14,709 [Worker-87: Launching testRunner] INFO  o.e.m.c.i.embedder.EclipseLogger - Using 'UTF-8' encoding to copy filtered resources.
2022-07-01 18:49:14,710 [Worker-87: Launching testRunner] INFO  o.e.m.c.i.embedder.EclipseLogger - Copying 3 resources
2022-07-01 18:55:16,793 [Worker-85: Launching testRunner] INFO  o.e.m.c.i.embedder.EclipseLogger - Using 'UTF-8' encoding to copy filtered resources.
2022-07-01 18:55:16,794 [Worker-85: Launching testRunner] INFO  o.e.m.c.i.embedder.EclipseLogger - Copying 0 resource
2022-07-01 18:55:16,795 [Worker-85: Launching testRunner] INFO  o.e.m.c.i.embedder.EclipseLogger - Using 'UTF-8' encoding to copy filtered resources.
2022-07-01 18:55:16,796 [Worker-85: Launching testRunner] INFO  o.e.m.c.i.embedder.EclipseLogger - Copying 3 resources
2022-07-01 19:00:38,331 [Worker-91: Launching testRunner] INFO  o.e.m.c.i.embedder.EclipseLogger - Using 'UTF-8' encoding to copy filtered resources.
2022-07-01 19:00:38,331 [Worker-91: Launching testRunner] INFO  o.e.m.c.i.embedder.EclipseLogger - Copying 0 resource
2022-07-01 19:00:38,332 [Worker-91: Launching testRunner] INFO  o.e.m.c.i.embedder.EclipseLogger - Using 'UTF-8' encoding to copy filtered resources.
2022-07-01 19:00:38,333 [Worker-91: Launching testRunner] INFO  o.e.m.c.i.embedder.EclipseLogger - Copying 3 resources
2022-07-01 19:12:16,144 [Worker-77: Building] INFO  o.e.m.c.i.embedder.EclipseLogger - Using 'UTF-8' encoding to copy filtered resources.
2022-07-01 19:12:16,145 [Worker-77: Building] INFO  o.e.m.c.i.embedder.EclipseLogger - Copying 0 resource
2022-07-01 19:12:16,145 [Worker-77: Building] INFO  o.e.m.c.i.embedder.EclipseLogger - Using 'UTF-8' encoding to copy filtered resources.
2022-07-01 19:12:16,146 [Worker-77: Building] INFO  o.e.m.c.i.embedder.EclipseLogger - Copying 3 resources
2022-07-01 19:12:52,530 [Worker-85: Building] INFO  o.e.m.c.i.embedder.EclipseLogger - Using 'UTF-8' encoding to copy filtered resources.
2022-07-01 19:12:52,531 [Worker-85: Building] INFO  o.e.m.c.i.embedder.EclipseLogger - Copying 0 resource
2022-07-01 19:12:52,532 [Worker-85: Building] INFO  o.e.m.c.i.embedder.EclipseLogger - Using 'UTF-8' encoding to copy filtered resources.
2022-07-01 19:12:52,533 [Worker-85: Building] INFO  o.e.m.c.i.embedder.EclipseLogger - Copying 3 resources
2022-07-01 19:19:21,671 [Worker-92: Building] INFO  o.e.m.c.i.embedder.EclipseLogger - Using 'UTF-8' encoding to copy filtered resources.
2022-07-01 19:19:21,671 [Worker-92: Building] INFO  o.e.m.c.i.embedder.EclipseLogger - Copying 0 resource
2022-07-01 19:19:21,694 [Worker-92: Building] INFO  o.e.m.c.i.embedder.EclipseLogger - Using 'UTF-8' encoding to copy filtered resources.
2022-07-01 19:19:21,695 [Worker-92: Building] INFO  o.e.m.c.i.embedder.EclipseLogger - Copying 3 resources
2022-07-01 19:20:33,693 [Worker-93: Building] INFO  o.e.m.c.i.embedder.EclipseLogger - Using 'UTF-8' encoding to copy filtered resources.
2022-07-01 19:20:33,694 [Worker-93: Building] INFO  o.e.m.c.i.embedder.EclipseLogger - Copying 0 resource
2022-07-01 19:20:33,694 [Worker-93: Building] INFO  o.e.m.c.i.embedder.EclipseLogger - Using 'UTF-8' encoding to copy filtered resources.
2022-07-01 19:20:33,695 [Worker-93: Building] INFO  o.e.m.c.i.embedder.EclipseLogger - Copying 3 resources
2022-07-01 19:20:41,320 [Worker-90: Launching testRunner] INFO  o.e.m.c.i.embedder.EclipseLogger - Using 'UTF-8' encoding to copy filtered resources.
2022-07-01 19:20:41,320 [Worker-90: Launching testRunner] INFO  o.e.m.c.i.embedder.EclipseLogger - Copying 0 resource
2022-07-01 19:20:41,321 [Worker-90: Launching testRunner] INFO  o.e.m.c.i.embedder.EclipseLogger - Using 'UTF-8' encoding to copy filtered resources.
2022-07-01 19:20:41,322 [Worker-90: Launching testRunner] INFO  o.e.m.c.i.embedder.EclipseLogger - Copying 3 resources
2022-07-01 19:22:35,793 [Worker-85: Building] INFO  o.e.m.c.i.embedder.EclipseLogger - Using 'UTF-8' encoding to copy filtered resources.
2022-07-01 19:22:35,794 [Worker-85: Building] INFO  o.e.m.c.i.embedder.EclipseLogger - Copying 0 resource
2022-07-01 19:22:35,794 [Worker-85: Building] INFO  o.e.m.c.i.embedder.EclipseLogger - Using 'UTF-8' encoding to copy filtered resources.
2022-07-01 19:22:35,795 [Worker-85: Building] INFO  o.e.m.c.i.embedder.EclipseLogger - Copying 3 resources
2022-07-01 19:24:28,329 [Worker-90: Launching testRunner] INFO  o.e.m.c.i.embedder.EclipseLogger - Using 'UTF-8' encoding to copy filtered resources.
2022-07-01 19:24:28,330 [Worker-90: Launching testRunner] INFO  o.e.m.c.i.embedder.EclipseLogger - Copying 0 resource
2022-07-01 19:24:28,330 [Worker-90: Launching testRunner] INFO  o.e.m.c.i.embedder.EclipseLogger - Using 'UTF-8' encoding to copy filtered resources.
2022-07-01 19:24:28,331 [Worker-90: Launching testRunner] INFO  o.e.m.c.i.embedder.EclipseLogger - Copying 3 resources
2022-07-01 19:26:42,279 [Worker-92: Launching testRunner] INFO  o.e.m.c.i.embedder.EclipseLogger - Using 'UTF-8' encoding to copy filtered resources.
2022-07-01 19:26:42,279 [Worker-92: Launching testRunner] INFO  o.e.m.c.i.embedder.EclipseLogger - Copying 0 resource
2022-07-01 19:26:42,280 [Worker-92: Launching testRunner] INFO  o.e.m.c.i.embedder.EclipseLogger - Using 'UTF-8' encoding to copy filtered resources.
2022-07-01 19:26:42,281 [Worker-92: Launching testRunner] INFO  o.e.m.c.i.embedder.EclipseLogger - Copying 3 resources
2022-07-01 19:28:09,522 [Worker-92: Building] INFO  o.e.m.c.i.embedder.EclipseLogger - Using 'UTF-8' encoding to copy filtered resources.
2022-07-01 19:28:09,523 [Worker-92: Building] INFO  o.e.m.c.i.embedder.EclipseLogger - Copying 0 resource
2022-07-01 19:28:09,523 [Worker-92: Building] INFO  o.e.m.c.i.embedder.EclipseLogger - Using 'UTF-8' encoding to copy filtered resources.
2022-07-01 19:28:09,524 [Worker-92: Building] INFO  o.e.m.c.i.embedder.EclipseLogger - Copying 3 resources
2022-07-01 19:29:04,320 [Worker-77: Building] INFO  o.e.m.c.i.embedder.EclipseLogger - Using 'UTF-8' encoding to copy filtered resources.
2022-07-01 19:29:04,320 [Worker-77: Building] INFO  o.e.m.c.i.embedder.EclipseLogger - Copying 0 resource
2022-07-01 19:29:04,321 [Worker-77: Building] INFO  o.e.m.c.i.embedder.EclipseLogger - Using 'UTF-8' encoding to copy filtered resources.
2022-07-01 19:29:04,322 [Worker-77: Building] INFO  o.e.m.c.i.embedder.EclipseLogger - Copying 3 resources
2022-07-01 19:34:28,491 [Worker-77: Launching testRunner] INFO  o.e.m.c.i.embedder.EclipseLogger - Using 'UTF-8' encoding to copy filtered resources.
2022-07-01 19:34:28,491 [Worker-77: Launching testRunner] INFO  o.e.m.c.i.embedder.EclipseLogger - Copying 0 resource
2022-07-01 19:34:28,492 [Worker-77: Launching testRunner] INFO  o.e.m.c.i.embedder.EclipseLogger - Using 'UTF-8' encoding to copy filtered resources.
2022-07-01 19:34:28,493 [Worker-77: Launching testRunner] INFO  o.e.m.c.i.embedder.EclipseLogger - Copying 3 resources
2022-07-01 19:41:48,356 [Worker-95: Launching testRunner] INFO  o.e.m.c.i.embedder.EclipseLogger - Using 'UTF-8' encoding to copy filtered resources.
2022-07-01 19:41:48,357 [Worker-95: Launching testRunner] INFO  o.e.m.c.i.embedder.EclipseLogger - Copying 0 resource
2022-07-01 19:41:48,357 [Worker-95: Launching testRunner] INFO  o.e.m.c.i.embedder.EclipseLogger - Using 'UTF-8' encoding to copy filtered resources.
2022-07-01 19:41:48,359 [Worker-95: Launching testRunner] INFO  o.e.m.c.i.embedder.EclipseLogger - Copying 3 resources
2022-07-01 19:44:33,297 [Worker-95: Building] INFO  o.e.m.c.i.embedder.EclipseLogger - Using 'UTF-8' encoding to copy filtered resources.
2022-07-01 19:44:33,297 [Worker-95: Building] INFO  o.e.m.c.i.embedder.EclipseLogger - Copying 0 resource
2022-07-01 19:44:33,298 [Worker-95: Building] INFO  o.e.m.c.i.embedder.EclipseLogger - Using 'UTF-8' encoding to copy filtered resources.
2022-07-01 19:44:33,299 [Worker-95: Building] INFO  o.e.m.c.i.embedder.EclipseLogger - Copying 3 resources
2022-07-01 19:49:15,985 [Worker-93: Building] INFO  o.e.m.c.i.embedder.EclipseLogger - Using 'UTF-8' encoding to copy filtered resources.
2022-07-01 19:49:15,986 [Worker-93: Building] INFO  o.e.m.c.i.embedder.EclipseLogger - Copying 0 resource
2022-07-01 19:49:15,986 [Worker-93: Building] INFO  o.e.m.c.i.embedder.EclipseLogger - Using 'UTF-8' encoding to copy filtered resources.
2022-07-01 19:49:15,987 [Worker-93: Building] INFO  o.e.m.c.i.embedder.EclipseLogger - Copying 0 resource
2022-07-01 19:50:33,421 [Worker-93: Building] INFO  o.e.m.c.i.embedder.EclipseLogger - Using 'UTF-8' encoding to copy filtered resources.
2022-07-01 19:50:33,421 [Worker-93: Building] INFO  o.e.m.c.i.embedder.EclipseLogger - Copying 0 resource
2022-07-01 19:50:33,422 [Worker-93: Building] INFO  o.e.m.c.i.embedder.EclipseLogger - Using 'UTF-8' encoding to copy filtered resources.
2022-07-01 19:50:33,422 [Worker-93: Building] INFO  o.e.m.c.i.embedder.EclipseLogger - Copying 0 resource
2022-07-01 19:53:12,728 [Worker-95: Building] INFO  o.e.m.c.i.embedder.EclipseLogger - Using 'UTF-8' encoding to copy filtered resources.
2022-07-01 19:53:12,728 [Worker-95: Building] INFO  o.e.m.c.i.embedder.EclipseLogger - Copying 0 resource
2022-07-01 19:53:12,729 [Worker-95: Building] INFO  o.e.m.c.i.embedder.EclipseLogger - Using 'UTF-8' encoding to copy filtered resources.
2022-07-01 19:53:12,730 [Worker-95: Building] INFO  o.e.m.c.i.embedder.EclipseLogger - Copying 0 resource
2022-07-01 19:53:25,310 [Worker-85: Building] INFO  o.e.m.c.i.embedder.EclipseLogger - Using 'UTF-8' encoding to copy filtered resources.
2022-07-01 19:53:25,310 [Worker-85: Building] INFO  o.e.m.c.i.embedder.EclipseLogger - Copying 0 resource
2022-07-01 19:53:25,311 [Worker-85: Building] INFO  o.e.m.c.i.embedder.EclipseLogger - Using 'UTF-8' encoding to copy filtered resources.
2022-07-01 19:53:25,311 [Worker-85: Building] INFO  o.e.m.c.i.embedder.EclipseLogger - Copying 0 resource
2022-07-01 20:13:44,232 [Worker-96: Building] INFO  o.e.m.c.i.embedder.EclipseLogger - Using 'UTF-8' encoding to copy filtered resources.
2022-07-01 20:13:44,232 [Worker-96: Building] INFO  o.e.m.c.i.embedder.EclipseLogger - Copying 0 resource
2022-07-01 20:13:44,233 [Worker-96: Building] INFO  o.e.m.c.i.embedder.EclipseLogger - Using 'UTF-8' encoding to copy filtered resources.
2022-07-01 20:13:44,233 [Worker-96: Building] INFO  o.e.m.c.i.embedder.EclipseLogger - Copying 0 resource
2022-07-01 20:14:09,601 [Worker-96: Building] INFO  o.e.m.c.i.embedder.EclipseLogger - Using 'UTF-8' encoding to copy filtered resources.
2022-07-01 20:14:09,601 [Worker-96: Building] INFO  o.e.m.c.i.embedder.EclipseLogger - Copying 0 resource
2022-07-01 20:14:09,602 [Worker-96: Building] INFO  o.e.m.c.i.embedder.EclipseLogger - Using 'UTF-8' encoding to copy filtered resources.
2022-07-01 20:14:09,602 [Worker-96: Building] INFO  o.e.m.c.i.embedder.EclipseLogger - Copying 0 resource
